# JRE version: OpenJDK Runtime Environment Temurin-17.0.13+11 (17.0.13+11) (build 17.0.13+11)
# Java VM: OpenJDK 64-Bit Server VM Temurin-17.0.13+11 (17.0.13+11, mixed mode, tiered, compressed oops, compressed class ptrs, g1 gc, windows-amd64)
GC Precious Log:
 CPUs: 8 total, 8 available
 Memory: 8030M
 Large Page Support: Disabled
 NUMA Support: Disabled
 Compressed Oops: Enabled (32-bit)
 Heap Region Size: 1M
 Heap Min Capacity: 8M
 Heap Initial Capacity: 126M
 Heap Max Capacity: 2008M
 Pre-touch: Disabled
 Parallel Workers: 8
 Concurrent Workers: 2
 Concurrent Refinement Workers: 8
 Periodic GC: Disabled
Heap:
 garbage-first heap   total 30720K, used 19969K [0x0000000082800000, 0x0000000100000000)
  region size 1024K, 6 young (6144K), 1 survivors (1024K)
 Metaspace       used 29495K, committed 29824K, reserved 1114112K
  class space    used 3752K, committed 3904K, reserved 1048576K
GC Heap History (18 events):
Event: 0.843 GC heap before
{Heap before GC invocations=0 (full 0):
 garbage-first heap   total 129024K, used 22528K [0x0000000082800000, 0x0000000100000000)
  region size 1024K, 23 young (23552K), 0 survivors (0K)
 Metaspace       used 10529K, committed 10688K, reserved 1114112K
  class space    used 1164K, committed 1280K, reserved 1048576K
}
Event: 0.846 GC heap after
{Heap after GC invocations=1 (full 0):
 garbage-first heap   total 129024K, used 2737K [0x0000000082800000, 0x0000000100000000)
  region size 1024K, 3 young (3072K), 3 survivors (3072K)
 Metaspace       used 10529K, committed 10688K, reserved 1114112K
  class space    used 1164K, committed 1280K, reserved 1048576K
}
Event: 1.667 GC heap before
{Heap before GC invocations=1 (full 0):
 garbage-first heap   total 129024K, used 36529K [0x0000000082800000, 0x0000000100000000)
  region size 1024K, 36 young (36864K), 3 survivors (3072K)
 Metaspace       used 20742K, committed 20992K, reserved 1114112K
  class space    used 2453K, committed 2560K, reserved 1048576K
}
Event: 1.674 GC heap after
{Heap after GC invocations=2 (full 0):
 garbage-first heap   total 129024K, used 6504K [0x0000000082800000, 0x0000000100000000)
  region size 1024K, 5 young (5120K), 5 survivors (5120K)
 Metaspace       used 20742K, committed 20992K, reserved 1114112K
  class space    used 2453K, committed 2560K, reserved 1048576K
}
Event: 1.801 GC heap before
{Heap before GC invocations=2 (full 0):
 garbage-first heap   total 129024K, used 8552K [0x0000000082800000, 0x0000000100000000)
  region size 1024K, 8 young (8192K), 5 survivors (5120K)
 Metaspace       used 21350K, committed 21504K, reserved 1114112K
  class space    used 2534K, committed 2624K, reserved 1048576K
}
Event: 1.810 GC heap after
{Heap after GC invocations=3 (full 0):
 garbage-first heap   total 129024K, used 7082K [0x0000000082800000, 0x0000000100000000)
  region size 1024K, 6 young (6144K), 6 survivors (6144K)
 Metaspace       used 21350K, committed 21504K, reserved 1114112K
  class space    used 2534K, committed 2624K, reserved 1048576K
}
Event: 3.464 GC heap before
{Heap before GC invocations=4 (full 0):
 garbage-first heap   total 30720K, used 21418K [0x0000000082800000, 0x0000000100000000)
  region size 1024K, 18 young (18432K), 6 survivors (6144K)
 Metaspace       used 24549K, committed 24768K, reserved 1114112K
  class space    used 3011K, committed 3136K, reserved 1048576K
}
Event: 3.470 GC heap after
{Heap after GC invocations=5 (full 0):
 garbage-first heap   total 30720K, used 10055K [0x0000000082800000, 0x0000000100000000)
  region size 1024K, 2 young (2048K), 2 survivors (2048K)
 Metaspace       used 24549K, committed 24768K, reserved 1114112K
  class space    used 3011K, committed 3136K, reserved 1048576K
}
Event: 3.493 GC heap before
{Heap before GC invocations=5 (full 0):
 garbage-first heap   total 30720K, used 11079K [0x0000000082800000, 0x0000000100000000)
  region size 1024K, 3 young (3072K), 2 survivors (2048K)
 Metaspace       used 24811K, committed 25088K, reserved 1114112K
  class space    used 3087K, committed 3200K, reserved 1048576K
}
Event: 3.495 GC heap after
{Heap after GC invocations=6 (full 0):
 garbage-first heap   total 30720K, used 10197K [0x0000000082800000, 0x0000000100000000)
  region size 1024K, 1 young (1024K), 1 survivors (1024K)
 Metaspace       used 24811K, committed 25088K, reserved 1114112K
  class space    used 3087K, committed 3200K, reserved 1048576K
}
Event: 3.819 GC heap before
{Heap before GC invocations=6 (full 0):
 garbage-first heap   total 30720K, used 22485K [0x0000000082800000, 0x0000000100000000)
  region size 1024K, 13 young (13312K), 1 survivors (1024K)
 Metaspace       used 27022K, committed 27264K, reserved 1114112K
  class space    used 3550K, committed 3648K, reserved 1048576K
}
Event: 3.822 GC heap after
{Heap after GC invocations=7 (full 0):
 garbage-first heap   total 30720K, used 11400K [0x0000000082800000, 0x0000000100000000)
  region size 1024K, 2 young (2048K), 2 survivors (2048K)
 Metaspace       used 27022K, committed 27264K, reserved 1114112K
  class space    used 3550K, committed 3648K, reserved 1048576K
}
Event: 4.212 GC heap before
{Heap before GC invocations=7 (full 0):
 garbage-first heap   total 30720K, used 22664K [0x0000000082800000, 0x0000000100000000)
  region size 1024K, 13 young (13312K), 2 survivors (2048K)
 Metaspace       used 28140K, committed 28416K, reserved 1114112K
  class space    used 3687K, committed 3840K, reserved 1048576K
}
Event: 4.217 GC heap after
{Heap after GC invocations=8 (full 0):
 garbage-first heap   total 30720K, used 13986K [0x0000000082800000, 0x0000000100000000)
  region size 1024K, 2 young (2048K), 2 survivors (2048K)
 Metaspace       used 28140K, committed 28416K, reserved 1114112K
  class space    used 3687K, committed 3840K, reserved 1048576K
}
Event: 6.336 GC heap before
{Heap before GC invocations=8 (full 0):
 garbage-first heap   total 30720K, used 22178K [0x0000000082800000, 0x0000000100000000)
  region size 1024K, 11 young (11264K), 2 survivors (2048K)
 Metaspace       used 29199K, committed 29504K, reserved 1114112K
  class space    used 3750K, committed 3904K, reserved 1048576K
}
Event: 6.340 GC heap after
{Heap after GC invocations=9 (full 0):
 garbage-first heap   total 30720K, used 15672K [0x0000000082800000, 0x0000000100000000)
  region size 1024K, 2 young (2048K), 2 survivors (2048K)
 Metaspace       used 29199K, committed 29504K, reserved 1114112K
  class space    used 3750K, committed 3904K, reserved 1048576K
}
Event: 7.118 GC heap before
{Heap before GC invocations=9 (full 0):
 garbage-first heap   total 30720K, used 22840K [0x0000000082800000, 0x0000000100000000)
  region size 1024K, 9 young (9216K), 2 survivors (2048K)
 Metaspace       used 29399K, committed 29632K, reserved 1114112K
  class space    used 3750K, committed 3904K, reserved 1048576K
}
Event: 7.122 GC heap after
{Heap after GC invocations=10 (full 0):
 garbage-first heap   total 30720K, used 15873K [0x0000000082800000, 0x0000000100000000)
  region size 1024K, 1 young (1024K), 1 survivors (1024K)
 Metaspace       used 29399K, committed 29632K, reserved 1114112K
  class space    used 3750K, committed 3904K, reserved 1048576K
}

